TN:
SF:apps/share/index.ts
FNF:1
FNH:1
DA:1,61
DA:3,40
DA:5,56
DA:7,70
DA:9,138
DA:18,34
DA:20,48
LF:7
LH:7
end_of_record
TN:
SF:apps/share/src/account.ts
FNF:1
FNH:1
DA:1,30
DA:2,31
DA:4,38
DA:5,18
DA:6,91
DA:7,53
DA:8,104
DA:9,37
DA:10,14
DA:11,3
DA:13,34
DA:14,37
DA:15,36
DA:16,36
DA:17,27
DA:18,2
LF:16
LH:16
end_of_record
TN:
SF:apps/share/src/admin.ts
FNF:1
FNH:1
DA:1,31
DA:7,32
DA:8,15
DA:9,29
DA:10,28
DA:11,21
DA:12,32
DA:13,19
DA:14,19
DA:15,24
DA:16,20
DA:17,25
DA:18,19
DA:19,24
DA:20,30
DA:21,29
DA:22,3
DA:23,2
LF:18
LH:18
end_of_record
TN:
SF:apps/share/src/clerkClient.ts
FNF:1
FNH:1
DA:1,31
DA:3,42
DA:4,23
DA:5,22
DA:6,22
DA:7,25
DA:8,2
LF:7
LH:7
end_of_record
TN:
SF:apps/share/src/grade.ts
FNF:2
FNH:0
DA:1,23
DA:2,37
DA:3,37
DA:4,37
DA:5,37
DA:6,37
DA:7,37
DA:8,38
DA:9,38
DA:10,38
DA:11,38
DA:12,36
DA:13,2
DA:15,0
DA:16,0
DA:17,0
DA:18,0
DA:19,0
DA:20,0
DA:21,0
DA:22,0
DA:23,1
DA:26,0
DA:27,0
DA:28,0
DA:29,0
DA:30,0
DA:31,0
DA:32,0
DA:33,0
DA:34,0
DA:35,0
DA:36,0
DA:37,0
DA:38,0
DA:39,0
DA:40,0
DA:41,0
LF:38
LH:14
end_of_record
TN:
SF:apps/share/src/records.ts
FNF:2
FNH:2
DA:1,31
DA:3,40
DA:4,31
DA:5,38
DA:6,34
DA:7,3
DA:9,43
DA:10,17
DA:11,21
DA:12,3
DA:14,64
DA:16,39
DA:17,30
DA:18,41
DA:19,3
DA:21,41
DA:22,92
DA:23,89
DA:24,45
DA:25,2
LF:20
LH:20
end_of_record
TN:
SF:apps/share/src/role.ts
FNF:7
FNH:2
DA:4,13
DA:5,54
DA:6,58
DA:7,10
DA:9,114
DA:10,110
DA:11,142
DA:12,118
DA:13,106
DA:15,180
DA:17,163
DA:19,0
DA:20,0
DA:21,0
DA:22,0
DA:23,0
DA:24,0
DA:25,45
DA:28,0
DA:29,0
DA:30,0
DA:31,0
DA:32,0
DA:33,0
DA:34,0
DA:35,0
DA:36,0
DA:37,0
DA:38,0
DA:39,0
DA:40,0
DA:41,23
DA:45,0
DA:46,23
DA:49,0
DA:50,52
DA:53,20
DA:54,61
DA:57,0
DA:58,0
DA:59,0
DA:60,62
DA:62,1
LF:43
LH:19
end_of_record
TN:
SF:apps/share/src/year.ts
FNF:1
FNH:0
DA:1,22
DA:2,40
DA:3,40
DA:4,40
DA:5,40
DA:6,46
DA:7,46
DA:8,46
DA:9,44
DA:10,2
DA:12,0
DA:13,0
DA:14,0
DA:15,0
DA:16,0
DA:17,0
DA:18,0
DA:19,0
DA:20,0
DA:21,0
DA:22,0
DA:23,0
DA:24,0
DA:25,0
DA:26,0
DA:27,0
DA:28,0
DA:29,0
DA:30,0
DA:31,0
DA:32,0
DA:33,0
DA:34,0
LF:33
LH:10
end_of_record
